<?xml version="1.0" encoding="UTF-8"?>
<testsuite xmlns:xsi="http://www.w3.org/2001/XMLSchema-instance" xsi:noNamespaceSchemaLocation="https://maven.apache.org/surefire/maven-surefire-plugin/xsd/surefire-test-report-3.0.xsd" version="3.0" name="com.Biblioteca.app.BibliotecaProyectoApplicationTests" time="3.662" tests="1" errors="0" skipped="0" failures="0">
  <properties>
[...]
</properties>
  <testcase name="contextLoads" classname="com.Biblioteca.app.BibliotecaProyectoApplicationTests" time="0.842">
    <system-out><![CDATA[19:10:30.694 [main] INFO org.springframework.test.context.support.AnnotationConfigContextLoaderUtils -- Could not detect default configuration classes for test class [com.Biblioteca.app.BibliotecaProyectoApplicationTests]: BibliotecaProyectoApplicationTests does not declare any static, non-private, non-final, nested classes annotated with @Configuration.
19:10:30.779 [main] INFO org.springframework.boot.test.context.SpringBootTestContextBootstrapper -- Found @SpringBootConfiguration com.Biblioteca.app.BibliotecaProyectoApplication for test class com.Biblioteca.app.BibliotecaProyectoApplicationTests
19:10:30.938 [main] INFO org.springframework.boot.devtools.restart.RestartApplicationListener -- Restart disabled due to context in which it is running
  .   ____          _            __ _ _
 /\\ / ___'_ __ _ _(_)_ __  __ _ \ \ \ \
( ( )\___ | '_ | '_| | '_ \/ _` | \ \ \ \
 \\/  ___)| |_)| | | | | || (_| |  ) ) ) )
  '  |____| .__|_| |_|_| |_\__, | / / / /
 =========|_|==============|___/=/_/_/_/

 :: Spring Boot ::                (v3.3.0)

2024-06-06T19:10:31.165-05:00  INFO 8756 --- [BibliotecaProyecto] [           main] c.B.a.BibliotecaProyectoApplicationTests : Starting BibliotecaProyectoApplicationTests using Java 17.0.11 with PID 8756 (started by Nelson in C:\Proyectos\BibliotecaProyecto)
2024-06-06T19:10:31.167-05:00  INFO 8756 --- [BibliotecaProyecto] [           main] c.B.a.BibliotecaProyectoApplicationTests : No active profile set, falling back to 1 default profile: "default"
2024-06-06T19:10:31.719-05:00  INFO 8756 --- [BibliotecaProyecto] [           main] .s.d.r.c.RepositoryConfigurationDelegate : Bootstrapping Spring Data MongoDB repositories in DEFAULT mode.
2024-06-06T19:10:31.776-05:00  INFO 8756 --- [BibliotecaProyecto] [           main] .s.d.r.c.RepositoryConfigurationDelegate : Finished Spring Data repository scanning in 51 ms. Found 5 MongoDB repository interfaces.
2024-06-06T19:10:32.307-05:00  INFO 8756 --- [BibliotecaProyecto] [           main] org.mongodb.driver.client                : MongoClient with metadata {"driver": {"name": "mongo-java-driver|sync|spring-boot", "version": "5.0.1"}, "os": {"type": "Windows", "name": "Windows 11", "architecture": "amd64", "version": "10.0"}, "platform": "Java/Eclipse Adoptium/17.0.11+9"} created with settings MongoClientSettings{readPreference=primary, writeConcern=WriteConcern{w=null, wTimeout=null ms, journal=null}, retryWrites=true, retryReads=true, readConcern=ReadConcern{level=null}, credential=MongoCredential{mechanism=null, userName='classEmp', source='admin', password=<hidden>, mechanismProperties=<hidden>}, transportSettings=null, commandListeners=[], codecRegistry=ProvidersCodecRegistry{codecProviders=[ValueCodecProvider{}, BsonValueCodecProvider{}, DBRefCodecProvider{}, DBObjectCodecProvider{}, DocumentCodecProvider{}, CollectionCodecProvider{}, IterableCodecProvider{}, MapCodecProvider{}, GeoJsonCodecProvider{}, GridFSFileCodecProvider{}, Jsr310CodecProvider{}, JsonObjectCodecProvider{}, BsonCodecProvider{}, EnumCodecProvider{}, com.mongodb.client.model.mql.ExpressionCodecProvider@42ea7565, com.mongodb.Jep395RecordCodecProvider@7b5cc918, com.mongodb.KotlinCodecProvider@62b3a2f6]}, loggerSettings=LoggerSettings{maxDocumentLength=1000}, clusterSettings={hosts=[127.0.0.1:27017], srvHost=apliemp.aawqpdq.mongodb.net, srvServiceName=mongodb, mode=MULTIPLE, requiredClusterType=REPLICA_SET, requiredReplicaSetName='atlas-29iahe-shard-0', serverSelector='null', clusterListeners='[]', serverSelectionTimeout='30000 ms', localThreshold='15 ms'}, socketSettings=SocketSettings{connectTimeoutMS=10000, readTimeoutMS=0, receiveBufferSize=0, proxySettings=ProxySettings{host=null, port=null, username=null, password=null}}, heartbeatSocketSettings=SocketSettings{connectTimeoutMS=10000, readTimeoutMS=10000, receiveBufferSize=0, proxySettings=ProxySettings{host=null, port=null, username=null, password=null}}, connectionPoolSettings=ConnectionPoolSettings{maxSize=100, minSize=0, maxWaitTimeMS=120000, maxConnectionLifeTimeMS=0, maxConnectionIdleTimeMS=0, maintenanceInitialDelayMS=0, maintenanceFrequencyMS=60000, connectionPoolListeners=[], maxConnecting=2}, serverSettings=ServerSettings{heartbeatFrequencyMS=10000, minHeartbeatFrequencyMS=500, serverListeners='[]', serverMonitorListeners='[]'}, sslSettings=SslSettings{enabled=true, invalidHostNameAllowed=false, context=null}, applicationName='null', compressorList=[], uuidRepresentation=JAVA_LEGACY, serverApi=null, autoEncryptionSettings=null, dnsClient=null, inetAddressResolver=null, contextProvider=null}
2024-06-06T19:10:32.360-05:00  INFO 8756 --- [BibliotecaProyecto] [pdq.mongodb.net] org.mongodb.driver.cluster               : Adding discovered server ac-8hxiwxg-shard-00-00.aawqpdq.mongodb.net:27017 to client view of cluster
2024-06-06T19:10:32.389-05:00  INFO 8756 --- [BibliotecaProyecto] [pdq.mongodb.net] org.mongodb.driver.cluster               : Adding discovered server ac-8hxiwxg-shard-00-02.aawqpdq.mongodb.net:27017 to client view of cluster
2024-06-06T19:10:32.391-05:00  INFO 8756 --- [BibliotecaProyecto] [pdq.mongodb.net] org.mongodb.driver.cluster               : Adding discovered server ac-8hxiwxg-shard-00-01.aawqpdq.mongodb.net:27017 to client view of cluster
2024-06-06T19:10:32.941-05:00  INFO 8756 --- [BibliotecaProyecto] [           main] o.s.b.a.w.s.WelcomePageHandlerMapping    : Adding welcome page template: index
2024-06-06T19:10:33.350-05:00  INFO 8756 --- [BibliotecaProyecto] [ngodb.net:27017] org.mongodb.driver.cluster               : Monitor thread successfully connected to server with description ServerDescription{address=ac-8hxiwxg-shard-00-02.aawqpdq.mongodb.net:27017, type=REPLICA_SET_SECONDARY, state=CONNECTED, ok=true, minWireVersion=0, maxWireVersion=21, maxDocumentSize=16777216, logicalSessionTimeoutMinutes=30, roundTripTimeNanos=547232400, setName='atlas-29iahe-shard-0', canonicalAddress=ac-8hxiwxg-shard-00-02.aawqpdq.mongodb.net:27017, hosts=[ac-8hxiwxg-shard-00-02.aawqpdq.mongodb.net:27017, ac-8hxiwxg-shard-00-01.aawqpdq.mongodb.net:27017, ac-8hxiwxg-shard-00-00.aawqpdq.mongodb.net:27017], passives=[], arbiters=[], primary='ac-8hxiwxg-shard-00-01.aawqpdq.mongodb.net:27017', tagSet=TagSet{[Tag{name='availabilityZone', value='sae1-az2'}, Tag{name='diskState', value='READY'}, Tag{name='nodeType', value='ELECTABLE'}, Tag{name='provider', value='AWS'}, Tag{name='region', value='SA_EAST_1'}, Tag{name='workloadType', value='OPERATIONAL'}]}, electionId=null, setVersion=4, topologyVersion=TopologyVersion{processId=6661d4f2eb8b7b17608f318b, counter=3}, lastWriteDate=Thu Jun 06 19:10:33 COT 2024, lastUpdateTimeNanos=203370916205300}
2024-06-06T19:10:33.350-05:00  INFO 8756 --- [BibliotecaProyecto] [ngodb.net:27017] org.mongodb.driver.cluster               : Monitor thread successfully connected to server with description ServerDescription{address=ac-8hxiwxg-shard-00-01.aawqpdq.mongodb.net:27017, type=REPLICA_SET_PRIMARY, state=CONNECTED, ok=true, minWireVersion=0, maxWireVersion=21, maxDocumentSize=16777216, logicalSessionTimeoutMinutes=30, roundTripTimeNanos=547232200, setName='atlas-29iahe-shard-0', canonicalAddress=ac-8hxiwxg-shard-00-01.aawqpdq.mongodb.net:27017, hosts=[ac-8hxiwxg-shard-00-02.aawqpdq.mongodb.net:27017, ac-8hxiwxg-shard-00-01.aawqpdq.mongodb.net:27017, ac-8hxiwxg-shard-00-00.aawqpdq.mongodb.net:27017], passives=[], arbiters=[], primary='ac-8hxiwxg-shard-00-01.aawqpdq.mongodb.net:27017', tagSet=TagSet{[Tag{name='availabilityZone', value='sae1-az3'}, Tag{name='diskState', value='READY'}, Tag{name='nodeType', value='ELECTABLE'}, Tag{name='provider', value='AWS'}, Tag{name='region', value='SA_EAST_1'}, Tag{name='workloadType', value='OPERATIONAL'}]}, electionId=7fffffff000000000000000a, setVersion=4, topologyVersion=TopologyVersion{processId=6661d262bc012e6c16090bdf, counter=6}, lastWriteDate=Thu Jun 06 19:10:33 COT 2024, lastUpdateTimeNanos=203370916205200}
2024-06-06T19:10:33.353-05:00  INFO 8756 --- [BibliotecaProyecto] [ngodb.net:27017] org.mongodb.driver.cluster               : Discovered replica set primary ac-8hxiwxg-shard-00-01.aawqpdq.mongodb.net:27017 with max election id 7fffffff000000000000000a and max set version 4
2024-06-06T19:10:33.358-05:00  INFO 8756 --- [BibliotecaProyecto] [           main] c.B.a.BibliotecaProyectoApplicationTests : Started BibliotecaProyectoApplicationTests in 2.437 seconds (process running for 3.277)
2024-06-06T19:10:33.400-05:00  INFO 8756 --- [BibliotecaProyecto] [ngodb.net:27017] org.mongodb.driver.cluster               : Monitor thread successfully connected to server with description ServerDescription{address=ac-8hxiwxg-shard-00-00.aawqpdq.mongodb.net:27017, type=REPLICA_SET_SECONDARY, state=CONNECTED, ok=true, minWireVersion=0, maxWireVersion=21, maxDocumentSize=16777216, logicalSessionTimeoutMinutes=30, roundTripTimeNanos=411518300, setName='atlas-29iahe-shard-0', canonicalAddress=ac-8hxiwxg-shard-00-00.aawqpdq.mongodb.net:27017, hosts=[ac-8hxiwxg-shard-00-02.aawqpdq.mongodb.net:27017, ac-8hxiwxg-shard-00-01.aawqpdq.mongodb.net:27017, ac-8hxiwxg-shard-00-00.aawqpdq.mongodb.net:27017], passives=[], arbiters=[], primary='ac-8hxiwxg-shard-00-01.aawqpdq.mongodb.net:27017', tagSet=TagSet{[Tag{name='availabilityZone', value='sae1-az1'}, Tag{name='diskState', value='READY'}, Tag{name='nodeType', value='ELECTABLE'}, Tag{name='provider', value='AWS'}, Tag{name='region', value='SA_EAST_1'}, Tag{name='workloadType', value='OPERATIONAL'}]}, electionId=null, setVersion=4, topologyVersion=TopologyVersion{processId=6661d076889af8f7ff9fa77b, counter=4}, lastWriteDate=Thu Jun 06 19:10:33 COT 2024, lastUpdateTimeNanos=203370968065600}
]]></system-out>
  </testcase>
</testsuite>